<?xml version="1.0" encoding="UTF-8"?>
<assessment id="test-out" assessmentType="KnowledgeCheck" attemptsToPass="1" questionSelection="Manual" orderOfQuestions="Random" feedbackType="Delayed" attemptsToAnswer="2" passingPercentage="80" hideAnswers="false" timeLimit="0" hoursBeforeNextAttempt="" forced="false" preTestType="None" showTestedOutContent="false" />